2020-10-14 09:54:16,602-<module>:38-INFO ********************使用说明**********************************
【前置条件】
      1.主程序为run_main;在config.ini[setconfig]配置is_general=False为工业框架，is_general=True为通用框架
      2.准备好数据库备份包、角色创建文件、数据库清除脚本，并且将路径写到配置文件config.ini的[dbpath]中；
      3.将数据库名等信息写入到config.ini的[database_connection]中；
      4.将location、location_relation、agv_info信息写入到excel文件里面，并将路径记录到config.ini的[excelpath]；
      5.将地图放在etc文件里面，并将路径记录到config.ini的[layoutpath]；
      5.将程序的路径、文件名写入到config.ini的[path]里面。
【操作说明】
在界面根据提示输入数字0-11：分别表示：
        1.一键更改数据库配置文件；
        2.一键创建恢复数据库backup；
        3.一键清理数据库；
        4.关闭所有的进程；
            45.一键关闭webmonitor
        5.一键启动进程；
             55.一键启动webmonitor
        6.查询需要配置的xml文件；
        7.修改dispatch_config.xml文件；
        8.修改agv_info.xml文件；
        9.复制layout；
        10.执行sql脚本路径；
        11.获取当前版本号；
        12.复制OM的TS模板；
        13.关闭仿真车载且清理车载log
        14.清理调度引擎log。
    0.退出。
**************************************************************
2020-10-14 09:54:16,708-<module>:54-INFO 目前进行BS通用框架的自动化部署
